<?xml version="1.0" encoding="UTF-8"?>
<testng-results ignored="1" total="1" passed="0" failed="0" skipped="0">
  <reporter-output>
  </reporter-output>
  <suite started-at="2022-11-07T23:51:49 IST" name="Suite" finished-at="2022-11-07T23:51:50 IST" duration-ms="105">
    <groups>
    </groups>
    <test started-at="2022-11-07T23:51:49 IST" name="Test" finished-at="2022-11-07T23:51:50 IST" duration-ms="15">
    </test> <!-- Test -->
    <test started-at="2022-11-07T23:51:50 IST" name="DataProviderExample" finished-at="2022-11-07T23:51:50 IST" duration-ms="1">
    </test> <!-- DataProviderExample -->
  </suite> <!-- Suite -->
</testng-results>
