<?xml version="1.0" encoding="UTF-8"?>
<testng-results ignored="0" total="1" passed="1" failed="0" skipped="0">
  <reporter-output>
  </reporter-output>
  <suite started-at="2022-10-27T23:42:32 IST" name="Default suite" finished-at="2022-10-27T23:42:32 IST" duration-ms="81">
    <groups>
    </groups>
    <test started-at="2022-10-27T23:42:32 IST" name="Default test" finished-at="2022-10-27T23:42:32 IST" duration-ms="81">
      <class name="Test.HelloWorld">
        <test-method signature="GetFirstFunction()[pri:0, instance:Test.HelloWorld@19d481b]" started-at="2022-10-27T23:42:32 IST" name="GetFirstFunction" finished-at="2022-10-27T23:42:32 IST" duration-ms="22" status="PASS">
          <reporter-output>
          </reporter-output>
        </test-method> <!-- GetFirstFunction -->
      </class> <!-- Test.HelloWorld -->
    </test> <!-- Default test -->
  </suite> <!-- Default suite -->
</testng-results>
