<?xml version="1.0" encoding="UTF-8"?>
<!-- Generated by org.testng.reporters.JUnitXMLReporter -->
<testsuite ignored="0" hostname="gowri" failures="0" tests="3" name="Test" time="0.068" errors="0" timestamp="2022-11-03T23:25:26 IST">
  <testcase classname="Test.HelloWorld" name="GetFirstFunction" time="0.007"/>
  <testcase classname="Test.IncludeAndExcludeMechanismInMethods" name="getExcludeMethod" time="0.002"/>
  <testcase classname="Test.IncludeAndExcludeMechanismInMethods" name="getIncludeMethod" time="0.005"/>
</testsuite> <!-- Test -->
